****************************************
Report : timing
	-path_type full
	-delay_type max
	-max_paths 1
Design : enc_dma_ahb_top
Version: F-2011.06-SP3
Date   : Wed Apr  3 16:25:26 2013
****************************************


  Startpoint: U_H264ENC_Unit_INTRA_Intra_Core_Intra_Pred_Luma_reg_pe3_r_reg_10_
               (rising edge-triggered flip-flop clocked by h264clk')
  Endpoint: U_H264ENC_Unit_INTRA_Intra_Core_luma_pred_3_out_pipe_r_reg_7_
               (rising edge-triggered flip-flop clocked by h264clk)
  Path Group: h264clk
  Path Type: max

  Point                                                   Incr       Path
  ------------------------------------------------------------------------------
  clock h264clk' (rise edge)                            2.5900     2.5900
  clock network delay (propagated)                      1.1153     3.7053
  U_H264ENC_Unit_INTRA_Intra_Core_Intra_Pred_Luma_reg_pe3_r_reg_10_/CK (SDFQRM1LP)
                                                        0.0000     3.7053 r
  U_H264ENC_Unit_INTRA_Intra_Core_Intra_Pred_Luma_reg_pe3_r_reg_10_/Q (SDFQRM1LP)
                                                        0.2881 &   3.9935 f
  U154789/Z (INVM4LP)                                   0.0721 &   4.0656 r
  _icc_place_opt_4124/Z (OR2M8LP)                       0.1029 &   4.1685 r
  _icc_place_opt_4125/Z (INVM14LP)                      0.0262 &   4.1947 f
  U152434/Z (AOI211M2LP)                                0.2429 &   4.4375 r
  U119755/Z (ND4B1M8LP)                                 0.1320 &   4.5695 f
  DP_OP_23993J1_284_4045_U212/S (ADFM2LP)               0.2985 &   4.8680 r
  DP_OP_23993J1_284_4045_U211/S (ADFM2LP)               0.2432 &   5.1112 f
  U111566/Z (NR2M3LP)                                   0.1168 &   5.2280 r
  DP_OP_23993J1_284_4045_U151/Z (OAI21M4LP)             0.0689 &   5.2969 f
  U110882/Z (AOI21M8LP)                                 0.1165 &   5.4134 r
  U109855/Z (INVM8LP)                                   0.0414 &   5.4548 f
  DP_OP_23993J1_284_4045_U136/Z (AOI21M4LP)             0.0604 &   5.5151 r
  DP_OP_23993J1_284_4045_U123/Z (XOR2M2LP)              0.1668 &   5.6819 f
  U152182/Z (ND2B1M2LP)                                 0.0774 &   5.7593 r
  U152181/Z (INVM2LP)                                   0.0480 &   5.8073 f
  DP_OP_23624_377_6547_U31/Z (ND2M3LP)                  0.0518 &   5.8590 r
  DP_OP_23624_377_6547_U30/Z (NR2M3LP)                  0.0568 &   5.9159 f
  U114436/Z (NR2B1M12LP)                                0.1082 &   6.0240 f
  DP_OP_23624_377_6547_U6/CO (ADHM4LP)                  0.1057 &   6.1298 f
  _icc_place_opt_15413/Z (ND2M4LP)                      0.0498 &   6.1796 r
  _icc_place_opt_23690/Z (INVM4LP)                      0.0277 &   6.2073 f
  DP_OP_23624_377_6547_U4/CO (ADHM4LP)                  0.0957 &   6.3030 f
  DP_OP_23624_377_6547_U3/CO (ADHM4LP)                  0.0998 &   6.4027 f
  DP_OP_23624_377_6547_U2/CO (ADHM4LP)                  0.0995 &   6.5022 f
  DP_OP_23624_377_6547_U1/Z (XOR2M8LP)                  0.1234 &   6.6256 r
  U114169/Z (OR2M16LP)                                  0.1128 &   6.7383 r
  _icc_place_opt_15469/Z (ND2M16LP)                     0.0389 &   6.7772 f
  _icc_place_opt_23944/Z (ND2M16LP)                     0.0518 &   6.8290 r
  _icc_place_opt_23945/Z (INVM24LP)                     0.0310 &   6.8600 f
  U123781/Z (AOI211M8LP)                                0.1906 &   7.0506 r
  U123782/Z (ND2M5LP)                                   0.0639 &   7.1146 f
  _icc_place_opt_6706/Z (BUFM18LP)                      0.1013 &   7.2158 f
  U_H264ENC_Unit_INTRA_Intra_Core_luma_pred_3_out_pipe_r_reg_7_/D (SDFRM2LP)
                                                        0.0284 &   7.2443 f
  data arrival time                                                7.2443

  clock h264clk (rise edge)                             5.1800     5.1800
  clock network delay (propagated)                      1.1210     6.3010
  clock reconvergence pessimism                         0.0000     6.3010
  clock uncertainty                                    -0.1000     6.2010
  U_H264ENC_Unit_INTRA_Intra_Core_luma_pred_3_out_pipe_r_reg_7_/CK (SDFRM2LP)
                                                                   6.2010 r
  library setup time                                   -0.0820     6.1190
  data required time                                               6.1190
  ------------------------------------------------------------------------------
  data required time                                               6.1190
  data arrival time                                               -7.2443
  ------------------------------------------------------------------------------
  slack (VIOLATED)                                                -1.1252


1
****************************************
Report : timing
	-path_type full
	-delay_type min
	-max_paths 1
Design : enc_dma_ahb_top
Version: F-2011.06-SP3
Date   : Wed Apr  3 16:25:39 2013
****************************************


  Startpoint: U_H264ENC_Unit_INTRA_Intra_Core_Intra_Pred_Luma_reg_pe3_r_reg_10_
               (rising edge-triggered flip-flop clocked by h264clk')
  Endpoint: U_H264ENC_Unit_INTRA_Intra_Core_luma_pred_3_out_pipe_r_reg_7_
               (rising edge-triggered flip-flop clocked by h264clk)
  Path Group: h264clk
  Path Type: min

  Point                                                   Incr       Path
  ------------------------------------------------------------------------------
  clock h264clk' (rise edge)                            2.5900     2.5900
  clock network delay (propagated)                      1.1071     3.6971
  U_H264ENC_Unit_INTRA_Intra_Core_Intra_Pred_Luma_reg_pe3_r_reg_10_/CK (SDFQRM1LP)
                                                        0.0000     3.6971 r
  U_H264ENC_Unit_INTRA_Intra_Core_Intra_Pred_Luma_reg_pe3_r_reg_10_/Q (SDFQRM1LP)
                                                        0.3258 &   4.0229 r
  U152191/Z (AOI211M2LP)                                0.0783 &   4.1012 f
  U152190/Z (ND2B1M2LP)                                 0.0792 &   4.1803 r
  DP_OP_23993J1_284_4045_U200/CO (ADFM2LP)              0.1441 &   4.3245 r
  DP_OP_23993J1_284_4045_U197/CO (ADFM2LP)              0.1319 &   4.4563 r
  DP_OP_23993J1_284_4045_U78/Z (ND2M2LP)                0.0679 &   4.5242 f
  DP_OP_23993J1_284_4045_U75/Z (ND2M2LP)                0.0707 &   4.5950 r
  DP_OP_23993J1_284_4045_U73/Z (XOR2M2LP)               0.1491 &   4.7441 r
  U152165/Z (ND2B1M4LP)                                 0.0459 &   4.7900 f
  U152164/Z (INVM4LP)                                   0.0453 &   4.8354 r
  _icc_place_opt_21896/Z (XOR2M1LP)                     0.1519 &   4.9873 r
  _icc_place_opt_21895/Z (BUFM10LP)                     0.0977 &   5.0849 r
  U123781/Z (AOI211M8LP)                                0.0730 &   5.1579 f
  U123782/Z (ND2M5LP)                                   0.0659 &   5.2238 r
  _icc_place_opt_6706/Z (BUFM18LP)                      0.0913 &   5.3150 r
  U_H264ENC_Unit_INTRA_Intra_Core_luma_pred_3_out_pipe_r_reg_7_/D (SDFRM2LP)
                                                        0.0290 &   5.3440 r
  data arrival time                                                5.3440

  clock h264clk (rise edge)                             0.0000     0.0000
  clock network delay (propagated)                      1.1288     1.1288
  clock reconvergence pessimism                         0.0000     1.1288
  clock uncertainty                                     0.2000     1.3288
  U_H264ENC_Unit_INTRA_Intra_Core_luma_pred_3_out_pipe_r_reg_7_/CK (SDFRM2LP)
                                                                   1.3288 r
  library hold time                                    -0.0425     1.2863
  data required time                                               1.2863
  ------------------------------------------------------------------------------
  data required time                                               1.2863
  data arrival time                                               -5.3440
  ------------------------------------------------------------------------------
  slack (MET)                                                      4.0578


1
